2019-10-18 10:23:44.229  INFO 4012 --- [restartedMain] cn.com.syzg.SyzgApplication              : Starting SyzgApplication on MicroWin10-0918 with PID 4012 (E:\syzg\syzg\target\classes started by Administrator in E:\syzg\syzg)
2019-10-18 10:23:44.256  INFO 4012 --- [restartedMain] cn.com.syzg.SyzgApplication              : No active profile set, falling back to default profiles: default
2019-10-18 10:23:44.352  INFO 4012 --- [restartedMain] .e.DevToolsPropertyDefaultsPostProcessor : Devtools property defaults active! Set 'spring.devtools.add-properties' to 'false' to disable
2019-10-18 10:23:44.384  INFO 4012 --- [restartedMain] .e.DevToolsPropertyDefaultsPostProcessor : For additional web related logging consider setting the 'logging.level.web' property to 'DEBUG'
2019-10-18 10:23:45.608  INFO 4012 --- [restartedMain] .s.d.r.c.RepositoryConfigurationDelegate : Multiple Spring Data modules found, entering strict repository configuration mode!
2019-10-18 10:23:45.609  INFO 4012 --- [restartedMain] .s.d.r.c.RepositoryConfigurationDelegate : Bootstrapping Spring Data repositories in DEFAULT mode.
2019-10-18 10:23:45.623  INFO 4012 --- [restartedMain] .s.d.r.c.RepositoryConfigurationDelegate : Finished Spring Data repository scanning in 11ms. Found 0 repository interfaces.
2019-10-18 10:23:45.660  INFO 4012 --- [restartedMain] .s.d.r.c.RepositoryConfigurationDelegate : Multiple Spring Data modules found, entering strict repository configuration mode!
2019-10-18 10:23:45.662  INFO 4012 --- [restartedMain] .s.d.r.c.RepositoryConfigurationDelegate : Bootstrapping Spring Data repositories in DEFAULT mode.
2019-10-18 10:23:45.679  INFO 4012 --- [restartedMain] .s.d.r.c.RepositoryConfigurationDelegate : Finished Spring Data repository scanning in 4ms. Found 0 repository interfaces.
2019-10-18 10:23:45.880 DEBUG 4012 --- [restartedMain] o.m.s.mapper.ClassPathMapperScanner      : Identified candidate component class: file [E:\syzg\syzg\target\classes\cn\com\syzg\repository\CartMapper.class]
2019-10-18 10:23:45.880 DEBUG 4012 --- [restartedMain] o.m.s.mapper.ClassPathMapperScanner      : Identified candidate component class: file [E:\syzg\syzg\target\classes\cn\com\syzg\repository\EmplyMapper.class]
2019-10-18 10:23:45.881 DEBUG 4012 --- [restartedMain] o.m.s.mapper.ClassPathMapperScanner      : Identified candidate component class: file [E:\syzg\syzg\target\classes\cn\com\syzg\repository\GoodsMapper.class]
2019-10-18 10:23:45.881 DEBUG 4012 --- [restartedMain] o.m.s.mapper.ClassPathMapperScanner      : Identified candidate component class: file [E:\syzg\syzg\target\classes\cn\com\syzg\repository\OrderMapper.class]
2019-10-18 10:23:45.882 DEBUG 4012 --- [restartedMain] o.m.s.mapper.ClassPathMapperScanner      : Creating MapperFactoryBean with name 'cartMapper' and 'cn.com.syzg.repository.CartMapper' mapperInterface
2019-10-18 10:23:45.882 DEBUG 4012 --- [restartedMain] o.m.s.mapper.ClassPathMapperScanner      : Enabling autowire by type for MapperFactoryBean with name 'cartMapper'.
2019-10-18 10:23:45.883 DEBUG 4012 --- [restartedMain] o.m.s.mapper.ClassPathMapperScanner      : Creating MapperFactoryBean with name 'emplyMapper' and 'cn.com.syzg.repository.EmplyMapper' mapperInterface
2019-10-18 10:23:45.883 DEBUG 4012 --- [restartedMain] o.m.s.mapper.ClassPathMapperScanner      : Enabling autowire by type for MapperFactoryBean with name 'emplyMapper'.
2019-10-18 10:23:45.883 DEBUG 4012 --- [restartedMain] o.m.s.mapper.ClassPathMapperScanner      : Creating MapperFactoryBean with name 'goodsMapper' and 'cn.com.syzg.repository.GoodsMapper' mapperInterface
2019-10-18 10:23:45.883 DEBUG 4012 --- [restartedMain] o.m.s.mapper.ClassPathMapperScanner      : Enabling autowire by type for MapperFactoryBean with name 'goodsMapper'.
2019-10-18 10:23:45.883 DEBUG 4012 --- [restartedMain] o.m.s.mapper.ClassPathMapperScanner      : Creating MapperFactoryBean with name 'orderMapper' and 'cn.com.syzg.repository.OrderMapper' mapperInterface
2019-10-18 10:23:45.884 DEBUG 4012 --- [restartedMain] o.m.s.mapper.ClassPathMapperScanner      : Enabling autowire by type for MapperFactoryBean with name 'orderMapper'.
2019-10-18 10:23:46.048  INFO 4012 --- [restartedMain] trationDelegate$BeanPostProcessorChecker : Bean 'org.springframework.transaction.annotation.ProxyTransactionManagementConfiguration' of type [org.springframework.transaction.annotation.ProxyTransactionManagementConfiguration$$EnhancerBySpringCGLIB$$6fe7299c] is not eligible for getting processed by all BeanPostProcessors (for example: not eligible for auto-proxying)
2019-10-18 10:23:46.356  INFO 4012 --- [restartedMain] o.s.b.w.embedded.tomcat.TomcatWebServer  : Tomcat initialized with port(s): 8080 (http)
2019-10-18 10:23:46.381  INFO 4012 --- [restartedMain] o.apache.catalina.core.StandardService   : Starting service [Tomcat]
2019-10-18 10:23:46.382  INFO 4012 --- [restartedMain] org.apache.catalina.core.StandardEngine  : Starting Servlet engine: [Apache Tomcat/9.0.26]
2019-10-18 10:23:46.387  INFO 4012 --- [restartedMain] o.a.catalina.core.AprLifecycleListener   : Loaded APR based Apache Tomcat Native library [1.2.23] using APR version [1.7.0].
2019-10-18 10:23:46.387  INFO 4012 --- [restartedMain] o.a.catalina.core.AprLifecycleListener   : APR capabilities: IPv6 [true], sendfile [true], accept filters [false], random [true].
2019-10-18 10:23:46.387  INFO 4012 --- [restartedMain] o.a.catalina.core.AprLifecycleListener   : APR/OpenSSL configuration: useAprConnector [false], useOpenSSL [true]
2019-10-18 10:23:46.390  INFO 4012 --- [restartedMain] o.a.catalina.core.AprLifecycleListener   : OpenSSL successfully initialized [OpenSSL 1.1.1c  28 May 2019]
2019-10-18 10:23:46.626  INFO 4012 --- [restartedMain] org.apache.jasper.servlet.TldScanner     : At least one JAR was scanned for TLDs yet contained no TLDs. Enable debug logging for this logger for a complete list of JARs that were scanned but no TLDs were found in them. Skipping unneeded JARs during scanning can improve startup time and JSP compilation time.
2019-10-18 10:23:46.629  INFO 4012 --- [restartedMain] o.a.c.c.C.[Tomcat].[localhost].[/]       : Initializing Spring embedded WebApplicationContext
2019-10-18 10:23:46.630  INFO 4012 --- [restartedMain] o.s.web.context.ContextLoader            : Root WebApplicationContext: initialization completed in 2240 ms
2019-10-18 10:23:46.875  INFO 4012 --- [restartedMain] o.s.s.concurrent.ThreadPoolTaskExecutor  : Initializing ExecutorService 'applicationTaskExecutor'
2019-10-18 10:23:47.538 DEBUG 4012 --- [restartedMain] o.mybatis.spring.SqlSessionFactoryBean   : Parsed mapper file: 'file [E:\syzg\syzg\target\classes\mapper\CartMapper.xml]'
2019-10-18 10:23:47.546 DEBUG 4012 --- [restartedMain] o.mybatis.spring.SqlSessionFactoryBean   : Parsed mapper file: 'file [E:\syzg\syzg\target\classes\mapper\EmplyMapper.xml]'
2019-10-18 10:23:47.575 DEBUG 4012 --- [restartedMain] o.mybatis.spring.SqlSessionFactoryBean   : Parsed mapper file: 'file [E:\syzg\syzg\target\classes\mapper\GoodsMapper.xml]'
2019-10-18 10:23:47.902 DEBUG 4012 --- [restartedMain] o.mybatis.spring.SqlSessionFactoryBean   : Parsed mapper file: 'file [E:\syzg\syzg\target\classes\mapper\OrderMapper.xml]'
2019-10-18 10:23:51.372  INFO 4012 --- [restartedMain] o.s.b.d.a.OptionalLiveReloadServer       : LiveReload server is running on port 35729
2019-10-18 10:23:51.471  INFO 4012 --- [restartedMain] o.s.b.w.embedded.tomcat.TomcatWebServer  : Tomcat started on port(s): 8080 (http) with context path ''
2019-10-18 10:23:51.474  INFO 4012 --- [restartedMain] cn.com.syzg.SyzgApplication              : Started SyzgApplication in 7.928 seconds (JVM running for 8.833)
